<?xml version="1.0" encoding="UTF-8"?>
<!-- Generated by org.testng.reporters.JUnitReportReporter -->
<testsuite hostname="SReddy-PC" failures="0" tests="1" name="testCasesForWritingTestCases.TC_001_Registartion" time="14.829" errors="0" timestamp="2024-05-27T07:07:53 EDT" skipped="0">
  <testcase classname="testCasesForWritingTestCases.TC_001_Registartion" name="CreateAccount" time="14.829"/>
</testsuite> <!-- testCasesForWritingTestCases.TC_001_Registartion -->
